<?xml version="1.0" encoding="UTF-8"?>
<!-- Generated by org.testng.reporters.JUnitReportReporter -->
<testsuite skipped="0" hostname="DESKTOP-1KFO58I" name="testCase.TC1" tests="1" failures="0" timestamp="24 Nov 2020 05:37:39 GMT" time="8.490" errors="0">
  <testcase name="testcase1" time="8.490" classname="testCase.TC1"/>
</testsuite> <!-- testCase.TC1 -->
